<?xml version="1.0" encoding="UTF-8"?>
<testng-results ignored="0" total="4" passed="4" failed="0" skipped="0">
  <reporter-output>
  </reporter-output>
  <suite started-at="2022-07-20T14:58:06 WIB" name="All Test Suite" finished-at="2022-07-20T14:59:15 WIB" duration-ms="68282">
    <groups>
    </groups>
    <test started-at="2022-07-20T14:58:06 WIB" name="C:/Users/aulia_p502/IdeaProjects/SeleniumProject" finished-at="2022-07-20T14:59:15 WIB" duration-ms="68282">
      <class name="SampleCheck.SeleniumTestng">
        <test-method is-config="true" signature="setupClass()[pri:0, instance:SampleCheck.SeleniumTestng@240139e1]" started-at="2022-07-20T14:58:06 WIB" name="setupClass" finished-at="2022-07-20T14:58:07 WIB" duration-ms="549" status="PASS">
          <reporter-output>
          </reporter-output>
        </test-method> <!-- setupClass -->
        <test-method signature="TestScroll()[pri:1, instance:SampleCheck.SeleniumTestng@240139e1]" started-at="2022-07-20T14:58:07 WIB" name="TestScroll" finished-at="2022-07-20T14:58:35 WIB" duration-ms="27857" status="PASS">
          <reporter-output>
          </reporter-output>
        </test-method> <!-- TestScroll -->
        <test-method signature="TestLogin()[pri:2, instance:SampleCheck.SeleniumTestng@240139e1]" started-at="2022-07-20T14:58:35 WIB" name="TestLogin" finished-at="2022-07-20T14:58:50 WIB" duration-ms="15422" status="PASS">
          <reporter-output>
          </reporter-output>
        </test-method> <!-- TestLogin -->
        <test-method signature="Test()[pri:3, instance:SampleCheck.SeleniumTestng@240139e1]" started-at="2022-07-20T14:58:50 WIB" name="Test" finished-at="2022-07-20T14:58:55 WIB" duration-ms="5095" status="PASS">
          <reporter-output>
          </reporter-output>
        </test-method> <!-- Test -->
        <test-method signature="TestAlertOK()[pri:4, instance:SampleCheck.SeleniumTestng@240139e1]" started-at="2022-07-20T14:58:55 WIB" name="TestAlertOK" finished-at="2022-07-20T14:59:14 WIB" duration-ms="19169" status="PASS">
          <reporter-output>
          </reporter-output>
        </test-method> <!-- TestAlertOK -->
        <test-method is-config="true" signature="tearDown()[pri:0, instance:SampleCheck.SeleniumTestng@240139e1]" started-at="2022-07-20T14:59:15 WIB" name="tearDown" finished-at="2022-07-20T14:59:15 WIB" duration-ms="156" status="PASS">
          <reporter-output>
          </reporter-output>
        </test-method> <!-- tearDown -->
      </class> <!-- SampleCheck.SeleniumTestng -->
    </test> <!-- C:/Users/aulia_p502/IdeaProjects/SeleniumProject -->
  </suite> <!-- All Test Suite -->
</testng-results>
