<?xml version="1.0" encoding="UTF-8"?>
<testng-results ignored="0" total="2" passed="2" failed="0" skipped="0">
  <reporter-output>
  </reporter-output>
  <suite started-at="2022-07-19T14:53:26 WIB" name="All Test Suite" finished-at="2022-07-19T14:54:03 WIB" duration-ms="37093">
    <groups>
    </groups>
    <test started-at="2022-07-19T14:53:26 WIB" name="C:/Users/aulia_p502/IdeaProjects/SeleniumProject" finished-at="2022-07-19T14:54:03 WIB" duration-ms="37093">
      <class name="SampleCheck.SeleniumTestng">
        <test-method is-config="true" signature="setupClass()[pri:0, instance:SampleCheck.SeleniumTestng@240139e1]" started-at="2022-07-19T14:53:26 WIB" name="setupClass" finished-at="2022-07-19T14:53:26 WIB" duration-ms="205" status="PASS">
          <reporter-output>
          </reporter-output>
        </test-method> <!-- setupClass -->
        <test-method signature="TestScroll()[pri:1, instance:SampleCheck.SeleniumTestng@240139e1]" started-at="2022-07-19T14:53:26 WIB" name="TestScroll" finished-at="2022-07-19T14:53:47 WIB" duration-ms="20992" status="PASS">
          <reporter-output>
          </reporter-output>
        </test-method> <!-- TestScroll -->
        <test-method signature="TestLogin()[pri:2, instance:SampleCheck.SeleniumTestng@240139e1]" started-at="2022-07-19T14:53:47 WIB" name="TestLogin" finished-at="2022-07-19T14:54:03 WIB" duration-ms="15574" status="PASS">
          <reporter-output>
          </reporter-output>
        </test-method> <!-- TestLogin -->
        <test-method is-config="true" signature="tearDown()[pri:0, instance:SampleCheck.SeleniumTestng@240139e1]" started-at="2022-07-19T14:54:03 WIB" name="tearDown" finished-at="2022-07-19T14:54:03 WIB" duration-ms="283" status="PASS">
          <reporter-output>
          </reporter-output>
        </test-method> <!-- tearDown -->
      </class> <!-- SampleCheck.SeleniumTestng -->
    </test> <!-- C:/Users/aulia_p502/IdeaProjects/SeleniumProject -->
  </suite> <!-- All Test Suite -->
</testng-results>
