<?xml version="1.0" encoding="UTF-8"?>
<testsuite xmlns:xsi="http://www.w3.org/2001/XMLSchema-instance" xsi:noNamespaceSchemaLocation="https://maven.apache.org/surefire/maven-surefire-plugin/xsd/surefire-test-report-3.0.xsd" version="3.0" name="TestSuite" time="71.235" tests="4" errors="0" skipped="0" failures="0">
  <properties>
[...]
</properties>
  <testcase name="TestScroll" classname="SampleCheck.SeleniumTestng" time="27.862"/>
  <testcase name="TestLogin" classname="SampleCheck.SeleniumTestng" time="15.423"/>
  <testcase name="Test" classname="SampleCheck.SeleniumTestng" time="5.096"/>
  <testcase name="TestAlertOK" classname="SampleCheck.SeleniumTestng" time="19.168"/>
</testsuite>